2024-10-26 13:21:15.722  INFO 15840 --- [restartedMain] c.trackMyClass.TrackMyClassApplication   : Starting TrackMyClassApplication using Java 17.0.10 on Rohit with PID 15840 (D:\Spring\trackMyClass\trackMyClass\target\classes started by rohit in D:\Spring\trackMyClass\trackMyClass)
2024-10-26 13:21:15.723  INFO 15840 --- [restartedMain] c.trackMyClass.TrackMyClassApplication   : No active profile set, falling back to default profiles: default
2024-10-26 13:21:15.769  INFO 15840 --- [restartedMain] .e.DevToolsPropertyDefaultsPostProcessor : Devtools property defaults active! Set 'spring.devtools.add-properties' to 'false' to disable
2024-10-26 13:21:15.769  INFO 15840 --- [restartedMain] .e.DevToolsPropertyDefaultsPostProcessor : For additional web related logging consider setting the 'logging.level.web' property to 'DEBUG'
2024-10-26 13:21:16.478  INFO 15840 --- [restartedMain] .s.d.r.c.RepositoryConfigurationDelegate : Bootstrapping Spring Data JPA repositories in DEFAULT mode.
2024-10-26 13:21:16.493  INFO 15840 --- [restartedMain] .s.d.r.c.RepositoryConfigurationDelegate : Finished Spring Data repository scanning in 7 ms. Found 0 JPA repository interfaces.
2024-10-26 13:21:16.952  INFO 15840 --- [restartedMain] o.s.b.w.embedded.tomcat.TomcatWebServer  : Tomcat initialized with port(s): 8080 (http)
2024-10-26 13:21:16.961  INFO 15840 --- [restartedMain] o.apache.catalina.core.StandardService   : Starting service [Tomcat]
2024-10-26 13:21:16.961  INFO 15840 --- [restartedMain] org.apache.catalina.core.StandardEngine  : Starting Servlet engine: [Apache Tomcat/9.0.54]
2024-10-26 13:21:17.023  INFO 15840 --- [restartedMain] o.a.c.c.C.[Tomcat].[localhost].[/]       : Initializing Spring embedded WebApplicationContext
2024-10-26 13:21:17.023  INFO 15840 --- [restartedMain] w.s.c.ServletWebServerApplicationContext : Root WebApplicationContext: initialization completed in 1253 ms
2024-10-26 13:21:17.217  INFO 15840 --- [restartedMain] o.hibernate.jpa.internal.util.LogHelper  : HHH000204: Processing PersistenceUnitInfo [name: default]
2024-10-26 13:21:17.277  INFO 15840 --- [restartedMain] org.hibernate.Version                    : HHH000412: Hibernate ORM core version 5.4.32.Final
2024-10-26 13:21:17.442  INFO 15840 --- [restartedMain] o.hibernate.annotations.common.Version   : HCANN000001: Hibernate Commons Annotations {5.1.2.Final}
2024-10-26 13:21:17.538  INFO 15840 --- [restartedMain] com.zaxxer.hikari.HikariDataSource       : HikariPool-1 - Starting...
2024-10-26 13:21:17.684  INFO 15840 --- [restartedMain] com.zaxxer.hikari.HikariDataSource       : HikariPool-1 - Start completed.
2024-10-26 13:21:17.701  INFO 15840 --- [restartedMain] org.hibernate.dialect.Dialect            : HHH000400: Using dialect: org.hibernate.dialect.MySQL8Dialect
2024-10-26 13:21:18.304  INFO 15840 --- [restartedMain] o.h.e.t.j.p.i.JtaPlatformInitiator       : HHH000490: Using JtaPlatform implementation: [org.hibernate.engine.transaction.jta.platform.internal.NoJtaPlatform]
2024-10-26 13:21:18.311  INFO 15840 --- [restartedMain] j.LocalContainerEntityManagerFactoryBean : Initialized JPA EntityManagerFactory for persistence unit 'default'
2024-10-26 13:21:18.380  WARN 15840 --- [restartedMain] JpaBaseConfiguration$JpaWebConfiguration : spring.jpa.open-in-view is enabled by default. Therefore, database queries may be performed during view rendering. Explicitly configure spring.jpa.open-in-view to disable this warning
2024-10-26 13:21:18.618  INFO 15840 --- [restartedMain] o.s.b.d.a.OptionalLiveReloadServer       : LiveReload server is running on port 35729
2024-10-26 13:21:18.670  INFO 15840 --- [restartedMain] o.s.b.w.embedded.tomcat.TomcatWebServer  : Tomcat started on port(s): 8080 (http) with context path ''
2024-10-26 13:21:18.677  INFO 15840 --- [restartedMain] c.trackMyClass.TrackMyClassApplication   : Started TrackMyClassApplication in 3.283 seconds (JVM running for 3.915)
2024-10-26 13:21:18.679  INFO 15840 --- [restartedMain] c.trackMyClass.TrackMyClassApplication   : app started
2024-10-26 13:31:15.587  INFO 15840 --- [Thread-5] j.LocalContainerEntityManagerFactoryBean : Closing JPA EntityManagerFactory for persistence unit 'default'
2024-10-26 13:31:15.592  INFO 15840 --- [Thread-5] com.zaxxer.hikari.HikariDataSource       : HikariPool-1 - Shutdown initiated...
2024-10-26 13:31:15.601  INFO 15840 --- [Thread-5] com.zaxxer.hikari.HikariDataSource       : HikariPool-1 - Shutdown completed.
2024-10-26 13:32:22.112  INFO 15840 --- [restartedMain] c.trackMyClass.TrackMyClassApplication   : Starting TrackMyClassApplication using Java 17.0.10 on Rohit with PID 15840 (D:\Spring\trackMyClass\trackMyClass\target\classes started by rohit in D:\Spring\trackMyClass\trackMyClass)
2024-10-26 13:32:22.112  INFO 15840 --- [restartedMain] c.trackMyClass.TrackMyClassApplication   : No active profile set, falling back to default profiles: default
2024-10-26 13:32:22.197  INFO 15840 --- [restartedMain] .s.d.r.c.RepositoryConfigurationDelegate : Bootstrapping Spring Data JPA repositories in DEFAULT mode.
2024-10-26 13:32:22.199  INFO 15840 --- [restartedMain] .s.d.r.c.RepositoryConfigurationDelegate : Finished Spring Data repository scanning in 2 ms. Found 0 JPA repository interfaces.
2024-10-26 13:32:22.237  INFO 15840 --- [restartedMain] o.s.b.w.embedded.tomcat.TomcatWebServer  : Tomcat initialized with port(s): 8080 (http)
2024-10-26 13:32:22.239  INFO 15840 --- [restartedMain] o.apache.catalina.core.StandardService   : Starting service [Tomcat]
2024-10-26 13:32:22.239  INFO 15840 --- [restartedMain] org.apache.catalina.core.StandardEngine  : Starting Servlet engine: [Apache Tomcat/9.0.54]
2024-10-26 13:32:22.261  INFO 15840 --- [restartedMain] o.a.c.c.C.[Tomcat-2].[localhost].[/]     : Initializing Spring embedded WebApplicationContext
2024-10-26 13:32:22.261  INFO 15840 --- [restartedMain] w.s.c.ServletWebServerApplicationContext : Root WebApplicationContext: initialization completed in 146 ms
2024-10-26 13:32:22.282  INFO 15840 --- [restartedMain] o.hibernate.jpa.internal.util.LogHelper  : HHH000204: Processing PersistenceUnitInfo [name: default]
2024-10-26 13:32:22.286  INFO 15840 --- [restartedMain] com.zaxxer.hikari.HikariDataSource       : HikariPool-2 - Starting...
2024-10-26 13:32:22.289  INFO 15840 --- [restartedMain] com.zaxxer.hikari.HikariDataSource       : HikariPool-2 - Start completed.
2024-10-26 13:32:22.289  INFO 15840 --- [restartedMain] org.hibernate.dialect.Dialect            : HHH000400: Using dialect: org.hibernate.dialect.MySQL8Dialect
2024-10-26 13:32:22.361  INFO 15840 --- [restartedMain] o.h.e.t.j.p.i.JtaPlatformInitiator       : HHH000490: Using JtaPlatform implementation: [org.hibernate.engine.transaction.jta.platform.internal.NoJtaPlatform]
2024-10-26 13:32:22.362  INFO 15840 --- [restartedMain] j.LocalContainerEntityManagerFactoryBean : Initialized JPA EntityManagerFactory for persistence unit 'default'
2024-10-26 13:32:22.387  WARN 15840 --- [restartedMain] JpaBaseConfiguration$JpaWebConfiguration : spring.jpa.open-in-view is enabled by default. Therefore, database queries may be performed during view rendering. Explicitly configure spring.jpa.open-in-view to disable this warning
2024-10-26 13:32:22.454  INFO 15840 --- [restartedMain] o.s.b.d.a.OptionalLiveReloadServer       : LiveReload server is running on port 35729
2024-10-26 13:32:22.464  INFO 15840 --- [restartedMain] o.s.b.w.embedded.tomcat.TomcatWebServer  : Tomcat started on port(s): 8080 (http) with context path ''
2024-10-26 13:32:22.468  INFO 15840 --- [restartedMain] c.trackMyClass.TrackMyClassApplication   : Started TrackMyClassApplication in 0.382 seconds (JVM running for 667.706)
2024-10-26 13:32:22.470  INFO 15840 --- [restartedMain] .ConditionEvaluationDeltaLoggingListener : Condition evaluation unchanged
2024-10-26 13:32:22.471  INFO 15840 --- [restartedMain] c.trackMyClass.TrackMyClassApplication   : app started
2024-10-26 13:32:36.098  INFO 15840 --- [Thread-7] j.LocalContainerEntityManagerFactoryBean : Closing JPA EntityManagerFactory for persistence unit 'default'
2024-10-26 13:32:36.100  INFO 15840 --- [Thread-7] com.zaxxer.hikari.HikariDataSource       : HikariPool-2 - Shutdown initiated...
2024-10-26 13:32:36.104  INFO 15840 --- [Thread-7] com.zaxxer.hikari.HikariDataSource       : HikariPool-2 - Shutdown completed.
2024-10-26 13:32:36.151  INFO 15840 --- [restartedMain] c.trackMyClass.TrackMyClassApplication   : Starting TrackMyClassApplication using Java 17.0.10 on Rohit with PID 15840 (D:\Spring\trackMyClass\trackMyClass\target\classes started by rohit in D:\Spring\trackMyClass\trackMyClass)
2024-10-26 13:32:36.151  INFO 15840 --- [restartedMain] c.trackMyClass.TrackMyClassApplication   : No active profile set, falling back to default profiles: default
2024-10-26 13:32:36.226  INFO 15840 --- [restartedMain] .s.d.r.c.RepositoryConfigurationDelegate : Bootstrapping Spring Data JPA repositories in DEFAULT mode.
2024-10-26 13:32:36.229  INFO 15840 --- [restartedMain] .s.d.r.c.RepositoryConfigurationDelegate : Finished Spring Data repository scanning in 1 ms. Found 0 JPA repository interfaces.
2024-10-26 13:32:36.278  INFO 15840 --- [restartedMain] o.s.b.w.embedded.tomcat.TomcatWebServer  : Tomcat initialized with port(s): 8080 (http)
2024-10-26 13:32:36.279  INFO 15840 --- [restartedMain] o.apache.catalina.core.StandardService   : Starting service [Tomcat]
2024-10-26 13:32:36.280  INFO 15840 --- [restartedMain] org.apache.catalina.core.StandardEngine  : Starting Servlet engine: [Apache Tomcat/9.0.54]
2024-10-26 13:32:36.291  INFO 15840 --- [restartedMain] o.a.c.c.C.[Tomcat-2].[localhost].[/]     : Initializing Spring embedded WebApplicationContext
2024-10-26 13:32:36.291  INFO 15840 --- [restartedMain] w.s.c.ServletWebServerApplicationContext : Root WebApplicationContext: initialization completed in 138 ms
2024-10-26 13:32:36.311  INFO 15840 --- [restartedMain] o.hibernate.jpa.internal.util.LogHelper  : HHH000204: Processing PersistenceUnitInfo [name: default]
2024-10-26 13:32:36.315  INFO 15840 --- [restartedMain] com.zaxxer.hikari.HikariDataSource       : HikariPool-3 - Starting...
2024-10-26 13:32:36.318  INFO 15840 --- [restartedMain] com.zaxxer.hikari.HikariDataSource       : HikariPool-3 - Start completed.
2024-10-26 13:32:36.319  INFO 15840 --- [restartedMain] org.hibernate.dialect.Dialect            : HHH000400: Using dialect: org.hibernate.dialect.MySQL8Dialect
2024-10-26 13:32:36.396  INFO 15840 --- [restartedMain] o.h.e.t.j.p.i.JtaPlatformInitiator       : HHH000490: Using JtaPlatform implementation: [org.hibernate.engine.transaction.jta.platform.internal.NoJtaPlatform]
2024-10-26 13:32:36.397  INFO 15840 --- [restartedMain] j.LocalContainerEntityManagerFactoryBean : Initialized JPA EntityManagerFactory for persistence unit 'default'
2024-10-26 13:32:36.417  WARN 15840 --- [restartedMain] JpaBaseConfiguration$JpaWebConfiguration : spring.jpa.open-in-view is enabled by default. Therefore, database queries may be performed during view rendering. Explicitly configure spring.jpa.open-in-view to disable this warning
2024-10-26 13:32:36.468  INFO 15840 --- [restartedMain] o.s.b.d.a.OptionalLiveReloadServer       : LiveReload server is running on port 35729
2024-10-26 13:32:36.474  INFO 15840 --- [restartedMain] o.s.b.w.embedded.tomcat.TomcatWebServer  : Tomcat started on port(s): 8080 (http) with context path ''
2024-10-26 13:32:36.478  INFO 15840 --- [restartedMain] c.trackMyClass.TrackMyClassApplication   : Started TrackMyClassApplication in 0.343 seconds (JVM running for 681.716)
2024-10-26 13:32:36.481  INFO 15840 --- [restartedMain] .ConditionEvaluationDeltaLoggingListener : Condition evaluation unchanged
2024-10-26 13:32:36.481  INFO 15840 --- [restartedMain] c.trackMyClass.TrackMyClassApplication   : app started
2024-10-26 13:36:47.263  INFO 15840 --- [Thread-17] j.LocalContainerEntityManagerFactoryBean : Closing JPA EntityManagerFactory for persistence unit 'default'
2024-10-26 13:36:47.264  INFO 15840 --- [Thread-17] com.zaxxer.hikari.HikariDataSource       : HikariPool-3 - Shutdown initiated...
2024-10-26 13:36:47.265  INFO 15840 --- [Thread-17] com.zaxxer.hikari.HikariDataSource       : HikariPool-3 - Shutdown completed.
2024-10-26 13:36:47.306  INFO 15840 --- [restartedMain] c.trackMyClass.TrackMyClassApplication   : Starting TrackMyClassApplication using Java 17.0.10 on Rohit with PID 15840 (D:\Spring\trackMyClass\trackMyClass\target\classes started by rohit in D:\Spring\trackMyClass\trackMyClass)
2024-10-26 13:36:47.306  INFO 15840 --- [restartedMain] c.trackMyClass.TrackMyClassApplication   : No active profile set, falling back to default profiles: default
2024-10-26 13:36:47.386  INFO 15840 --- [restartedMain] .s.d.r.c.RepositoryConfigurationDelegate : Bootstrapping Spring Data JPA repositories in DEFAULT mode.
2024-10-26 13:36:47.389  INFO 15840 --- [restartedMain] .s.d.r.c.RepositoryConfigurationDelegate : Finished Spring Data repository scanning in 2 ms. Found 0 JPA repository interfaces.
2024-10-26 13:36:47.432  INFO 15840 --- [restartedMain] o.s.b.w.embedded.tomcat.TomcatWebServer  : Tomcat initialized with port(s): 8080 (http)
2024-10-26 13:36:47.433  INFO 15840 --- [restartedMain] o.apache.catalina.core.StandardService   : Starting service [Tomcat]
2024-10-26 13:36:47.433  INFO 15840 --- [restartedMain] org.apache.catalina.core.StandardEngine  : Starting Servlet engine: [Apache Tomcat/9.0.54]
2024-10-26 13:36:47.445  INFO 15840 --- [restartedMain] o.a.c.c.C.[Tomcat-2].[localhost].[/]     : Initializing Spring embedded WebApplicationContext
2024-10-26 13:36:47.445  INFO 15840 --- [restartedMain] w.s.c.ServletWebServerApplicationContext : Root WebApplicationContext: initialization completed in 137 ms
2024-10-26 13:36:47.468  INFO 15840 --- [restartedMain] o.hibernate.jpa.internal.util.LogHelper  : HHH000204: Processing PersistenceUnitInfo [name: default]
2024-10-26 13:36:47.471  INFO 15840 --- [restartedMain] com.zaxxer.hikari.HikariDataSource       : HikariPool-4 - Starting...
2024-10-26 13:36:47.474  INFO 15840 --- [restartedMain] com.zaxxer.hikari.HikariDataSource       : HikariPool-4 - Start completed.
2024-10-26 13:36:47.474  INFO 15840 --- [restartedMain] org.hibernate.dialect.Dialect            : HHH000400: Using dialect: org.hibernate.dialect.MySQL8Dialect
2024-10-26 13:36:47.543  INFO 15840 --- [restartedMain] o.h.e.t.j.p.i.JtaPlatformInitiator       : HHH000490: Using JtaPlatform implementation: [org.hibernate.engine.transaction.jta.platform.internal.NoJtaPlatform]
2024-10-26 13:36:47.543  INFO 15840 --- [restartedMain] j.LocalContainerEntityManagerFactoryBean : Initialized JPA EntityManagerFactory for persistence unit 'default'
2024-10-26 13:36:47.546  WARN 15840 --- [restartedMain] ConfigServletWebServerApplicationContext : Exception encountered during context initialization - cancelling refresh attempt: org.springframework.beans.factory.BeanCreationException: Error creating bean with name 'trackAttendance' defined in file [D:\Spring\trackMyClass\trackMyClass\target\classes\com\trackMyClass\aop\TrackAttendance.class]: Instantiation of bean failed; nested exception is org.springframework.beans.BeanInstantiationException: Failed to instantiate [com.trackMyClass.aop.TrackAttendance]: Constructor threw exception; nested exception is java.lang.Error: Unresolved compilation problems: 
	Syntax error, insert "enum Identifier" to complete EnumHeader
	Syntax error, insert "EnumBody" to complete ClassBodyDeclarations

2024-10-26 13:36:47.546  INFO 15840 --- [restartedMain] j.LocalContainerEntityManagerFactoryBean : Closing JPA EntityManagerFactory for persistence unit 'default'
2024-10-26 13:36:47.547  INFO 15840 --- [restartedMain] com.zaxxer.hikari.HikariDataSource       : HikariPool-4 - Shutdown initiated...
2024-10-26 13:36:47.547  INFO 15840 --- [restartedMain] com.zaxxer.hikari.HikariDataSource       : HikariPool-4 - Shutdown completed.
2024-10-26 13:36:47.548  INFO 15840 --- [restartedMain] o.apache.catalina.core.StandardService   : Stopping service [Tomcat]
2024-10-26 13:36:47.550  INFO 15840 --- [restartedMain] ConditionEvaluationReportLoggingListener : 

Error starting ApplicationContext. To display the conditions report re-run your application with 'debug' enabled.
2024-10-26 13:36:47.556 ERROR 15840 --- [restartedMain] o.s.boot.SpringApplication               : Application run failed

org.springframework.beans.factory.BeanCreationException: Error creating bean with name 'trackAttendance' defined in file [D:\Spring\trackMyClass\trackMyClass\target\classes\com\trackMyClass\aop\TrackAttendance.class]: Instantiation of bean failed; nested exception is org.springframework.beans.BeanInstantiationException: Failed to instantiate [com.trackMyClass.aop.TrackAttendance]: Constructor threw exception; nested exception is java.lang.Error: Unresolved compilation problems: 
	Syntax error, insert "enum Identifier" to complete EnumHeader
	Syntax error, insert "EnumBody" to complete ClassBodyDeclarations

	at org.springframework.beans.factory.support.AbstractAutowireCapableBeanFactory.instantiateBean(AbstractAutowireCapableBeanFactory.java:1334) ~[spring-beans-5.3.12.jar:5.3.12]
	at org.springframework.beans.factory.support.AbstractAutowireCapableBeanFactory.createBeanInstance(AbstractAutowireCapableBeanFactory.java:1232) ~[spring-beans-5.3.12.jar:5.3.12]
	at org.springframework.beans.factory.support.AbstractAutowireCapableBeanFactory.doCreateBean(AbstractAutowireCapableBeanFactory.java:582) ~[spring-beans-5.3.12.jar:5.3.12]
	at org.springframework.beans.factory.support.AbstractAutowireCapableBeanFactory.createBean(AbstractAutowireCapableBeanFactory.java:542) ~[spring-beans-5.3.12.jar:5.3.12]
	at org.springframework.beans.factory.support.AbstractBeanFactory.lambda$doGetBean$0(AbstractBeanFactory.java:335) ~[spring-beans-5.3.12.jar:5.3.12]
	at org.springframework.beans.factory.support.DefaultSingletonBeanRegistry.getSingleton(DefaultSingletonBeanRegistry.java:234) ~[spring-beans-5.3.12.jar:5.3.12]
	at org.springframework.beans.factory.support.AbstractBeanFactory.doGetBean(AbstractBeanFactory.java:333) ~[spring-beans-5.3.12.jar:5.3.12]
	at org.springframework.beans.factory.support.AbstractBeanFactory.getBean(AbstractBeanFactory.java:208) ~[spring-beans-5.3.12.jar:5.3.12]
	at org.springframework.beans.factory.support.DefaultListableBeanFactory.preInstantiateSingletons(DefaultListableBeanFactory.java:944) ~[spring-beans-5.3.12.jar:5.3.12]
	at org.springframework.context.support.AbstractApplicationContext.finishBeanFactoryInitialization(AbstractApplicationContext.java:918) ~[spring-context-5.3.12.jar:5.3.12]
	at org.springframework.context.support.AbstractApplicationContext.refresh(AbstractApplicationContext.java:583) ~[spring-context-5.3.12.jar:5.3.12]
	at org.springframework.boot.web.servlet.context.ServletWebServerApplicationContext.refresh(ServletWebServerApplicationContext.java:145) ~[spring-boot-2.5.6.jar:2.5.6]
	at org.springframework.boot.SpringApplication.refresh(SpringApplication.java:754) ~[spring-boot-2.5.6.jar:2.5.6]
	at org.springframework.boot.SpringApplication.refreshContext(SpringApplication.java:434) ~[spring-boot-2.5.6.jar:2.5.6]
	at org.springframework.boot.SpringApplication.run(SpringApplication.java:338) ~[spring-boot-2.5.6.jar:2.5.6]
	at org.springframework.boot.SpringApplication.run(SpringApplication.java:1343) ~[spring-boot-2.5.6.jar:2.5.6]
	at org.springframework.boot.SpringApplication.run(SpringApplication.java:1332) ~[spring-boot-2.5.6.jar:2.5.6]
	at com.trackMyClass.TrackMyClassApplication.main(TrackMyClassApplication.java:15) ~[classes/:na]
	at java.base/jdk.internal.reflect.NativeMethodAccessorImpl.invoke0(Native Method) ~[na:na]
	at java.base/jdk.internal.reflect.NativeMethodAccessorImpl.invoke(NativeMethodAccessorImpl.java:77) ~[na:na]
	at java.base/jdk.internal.reflect.DelegatingMethodAccessorImpl.invoke(DelegatingMethodAccessorImpl.java:43) ~[na:na]
	at java.base/java.lang.reflect.Method.invoke(Method.java:568) ~[na:na]
	at org.springframework.boot.devtools.restart.RestartLauncher.run(RestartLauncher.java:49) ~[spring-boot-devtools-2.5.6.jar:2.5.6]
Caused by: org.springframework.beans.BeanInstantiationException: Failed to instantiate [com.trackMyClass.aop.TrackAttendance]: Constructor threw exception; nested exception is java.lang.Error: Unresolved compilation problems: 
	Syntax error, insert "enum Identifier" to complete EnumHeader
	Syntax error, insert "EnumBody" to complete ClassBodyDeclarations

	at org.springframework.beans.BeanUtils.instantiateClass(BeanUtils.java:224) ~[spring-beans-5.3.12.jar:5.3.12]
	at org.springframework.beans.factory.support.SimpleInstantiationStrategy.instantiate(SimpleInstantiationStrategy.java:87) ~[spring-beans-5.3.12.jar:5.3.12]
	at org.springframework.beans.factory.support.AbstractAutowireCapableBeanFactory.instantiateBean(AbstractAutowireCapableBeanFactory.java:1326) ~[spring-beans-5.3.12.jar:5.3.12]
	... 22 common frames omitted
Caused by: java.lang.Error: Unresolved compilation problems: 
	Syntax error, insert "enum Identifier" to complete EnumHeader
	Syntax error, insert "EnumBody" to complete ClassBodyDeclarations

	at com.trackMyClass.aop.TrackAttendance.<init>(TrackAttendance.java:11) ~[classes/:na]
	at java.base/jdk.internal.reflect.NativeConstructorAccessorImpl.newInstance0(Native Method) ~[na:na]
	at java.base/jdk.internal.reflect.NativeConstructorAccessorImpl.newInstance(NativeConstructorAccessorImpl.java:77) ~[na:na]
	at java.base/jdk.internal.reflect.DelegatingConstructorAccessorImpl.newInstance(DelegatingConstructorAccessorImpl.java:45) ~[na:na]
	at java.base/java.lang.reflect.Constructor.newInstanceWithCaller(Constructor.java:499) ~[na:na]
	at java.base/java.lang.reflect.Constructor.newInstance(Constructor.java:480) ~[na:na]
	at org.springframework.beans.BeanUtils.instantiateClass(BeanUtils.java:211) ~[spring-beans-5.3.12.jar:5.3.12]
	... 24 common frames omitted

2024-10-26 13:40:16.862  INFO 15840 --- [restartedMain] c.trackMyClass.TrackMyClassApplication   : Starting TrackMyClassApplication using Java 17.0.10 on Rohit with PID 15840 (D:\Spring\trackMyClass\trackMyClass\target\classes started by rohit in D:\Spring\trackMyClass\trackMyClass)
2024-10-26 13:40:16.862  INFO 15840 --- [restartedMain] c.trackMyClass.TrackMyClassApplication   : No active profile set, falling back to default profiles: default
2024-10-26 13:40:17.072  INFO 15840 --- [restartedMain] .s.d.r.c.RepositoryConfigurationDelegate : Bootstrapping Spring Data JPA repositories in DEFAULT mode.
2024-10-26 13:40:17.078  INFO 15840 --- [restartedMain] .s.d.r.c.RepositoryConfigurationDelegate : Finished Spring Data repository scanning in 5 ms. Found 0 JPA repository interfaces.
2024-10-26 13:40:17.537  INFO 15840 --- [restartedMain] o.s.b.w.embedded.tomcat.TomcatWebServer  : Tomcat initialized with port(s): 8080 (http)
2024-10-26 13:40:17.538  INFO 15840 --- [restartedMain] o.apache.catalina.core.StandardService   : Starting service [Tomcat]
2024-10-26 13:40:17.538  INFO 15840 --- [restartedMain] org.apache.catalina.core.StandardEngine  : Starting Servlet engine: [Apache Tomcat/9.0.54]
2024-10-26 13:40:17.567  INFO 15840 --- [restartedMain] o.a.c.c.C.[Tomcat-3].[localhost].[/]     : Initializing Spring embedded WebApplicationContext
2024-10-26 13:40:17.567  INFO 15840 --- [restartedMain] w.s.c.ServletWebServerApplicationContext : Root WebApplicationContext: initialization completed in 702 ms
2024-10-26 13:40:17.642  INFO 15840 --- [restartedMain] o.hibernate.jpa.internal.util.LogHelper  : HHH000204: Processing PersistenceUnitInfo [name: default]
2024-10-26 13:40:17.646  INFO 15840 --- [restartedMain] com.zaxxer.hikari.HikariDataSource       : HikariPool-5 - Starting...
2024-10-26 13:40:17.649  INFO 15840 --- [restartedMain] com.zaxxer.hikari.HikariDataSource       : HikariPool-5 - Start completed.
2024-10-26 13:40:17.649  INFO 15840 --- [restartedMain] org.hibernate.dialect.Dialect            : HHH000400: Using dialect: org.hibernate.dialect.MySQL8Dialect
2024-10-26 13:40:17.733  INFO 15840 --- [restartedMain] o.h.e.t.j.p.i.JtaPlatformInitiator       : HHH000490: Using JtaPlatform implementation: [org.hibernate.engine.transaction.jta.platform.internal.NoJtaPlatform]
2024-10-26 13:40:17.733  INFO 15840 --- [restartedMain] j.LocalContainerEntityManagerFactoryBean : Initialized JPA EntityManagerFactory for persistence unit 'default'
2024-10-26 13:40:17.782  WARN 15840 --- [restartedMain] JpaBaseConfiguration$JpaWebConfiguration : spring.jpa.open-in-view is enabled by default. Therefore, database queries may be performed during view rendering. Explicitly configure spring.jpa.open-in-view to disable this warning
2024-10-26 13:40:17.923  INFO 15840 --- [restartedMain] o.s.b.d.a.OptionalLiveReloadServer       : LiveReload server is running on port 35729
2024-10-26 13:40:17.931  INFO 15840 --- [restartedMain] o.s.b.w.embedded.tomcat.TomcatWebServer  : Tomcat started on port(s): 8080 (http) with context path ''
2024-10-26 13:40:17.936  INFO 15840 --- [restartedMain] c.trackMyClass.TrackMyClassApplication   : Started TrackMyClassApplication in 1.113 seconds (JVM running for 1143.174)
2024-10-26 13:40:17.938  INFO 15840 --- [restartedMain] .ConditionEvaluationDeltaLoggingListener : Condition evaluation unchanged
2024-10-26 13:40:17.938  INFO 15840 --- [restartedMain] c.trackMyClass.TrackMyClassApplication   : app started
2024-10-26 13:43:58.330  INFO 15840 --- [Thread-21] j.LocalContainerEntityManagerFactoryBean : Closing JPA EntityManagerFactory for persistence unit 'default'
2024-10-26 13:43:58.331  INFO 15840 --- [Thread-21] com.zaxxer.hikari.HikariDataSource       : HikariPool-5 - Shutdown initiated...
2024-10-26 13:43:58.332  INFO 15840 --- [Thread-21] com.zaxxer.hikari.HikariDataSource       : HikariPool-5 - Shutdown completed.
2024-10-26 13:43:58.377  INFO 15840 --- [restartedMain] c.trackMyClass.TrackMyClassApplication   : Starting TrackMyClassApplication using Java 17.0.10 on Rohit with PID 15840 (D:\Spring\trackMyClass\trackMyClass\target\classes started by rohit in D:\Spring\trackMyClass\trackMyClass)
2024-10-26 13:43:58.377  INFO 15840 --- [restartedMain] c.trackMyClass.TrackMyClassApplication   : No active profile set, falling back to default profiles: default
2024-10-26 13:43:58.459  INFO 15840 --- [restartedMain] .s.d.r.c.RepositoryConfigurationDelegate : Bootstrapping Spring Data JPA repositories in DEFAULT mode.
2024-10-26 13:43:58.461  INFO 15840 --- [restartedMain] .s.d.r.c.RepositoryConfigurationDelegate : Finished Spring Data repository scanning in 2 ms. Found 0 JPA repository interfaces.
2024-10-26 13:43:58.542  INFO 15840 --- [restartedMain] o.s.b.w.embedded.tomcat.TomcatWebServer  : Tomcat initialized with port(s): 8080 (http)
2024-10-26 13:43:58.543  INFO 15840 --- [restartedMain] o.apache.catalina.core.StandardService   : Starting service [Tomcat]
2024-10-26 13:43:58.543  INFO 15840 --- [restartedMain] org.apache.catalina.core.StandardEngine  : Starting Servlet engine: [Apache Tomcat/9.0.54]
2024-10-26 13:43:58.551  INFO 15840 --- [restartedMain] o.a.c.c.C.[Tomcat-3].[localhost].[/]     : Initializing Spring embedded WebApplicationContext
2024-10-26 13:43:58.551  INFO 15840 --- [restartedMain] w.s.c.ServletWebServerApplicationContext : Root WebApplicationContext: initialization completed in 173 ms
2024-10-26 13:43:58.583  INFO 15840 --- [restartedMain] o.hibernate.jpa.internal.util.LogHelper  : HHH000204: Processing PersistenceUnitInfo [name: default]
2024-10-26 13:43:58.584  INFO 15840 --- [restartedMain] com.zaxxer.hikari.HikariDataSource       : HikariPool-6 - Starting...
2024-10-26 13:43:58.586  INFO 15840 --- [restartedMain] com.zaxxer.hikari.HikariDataSource       : HikariPool-6 - Start completed.
2024-10-26 13:43:58.587  INFO 15840 --- [restartedMain] org.hibernate.dialect.Dialect            : HHH000400: Using dialect: org.hibernate.dialect.MySQL8Dialect
2024-10-26 13:43:58.656  INFO 15840 --- [restartedMain] o.h.e.t.j.p.i.JtaPlatformInitiator       : HHH000490: Using JtaPlatform implementation: [org.hibernate.engine.transaction.jta.platform.internal.NoJtaPlatform]
2024-10-26 13:43:58.656  INFO 15840 --- [restartedMain] j.LocalContainerEntityManagerFactoryBean : Initialized JPA EntityManagerFactory for persistence unit 'default'
2024-10-26 13:43:58.708  WARN 15840 --- [restartedMain] JpaBaseConfiguration$JpaWebConfiguration : spring.jpa.open-in-view is enabled by default. Therefore, database queries may be performed during view rendering. Explicitly configure spring.jpa.open-in-view to disable this warning
2024-10-26 13:43:58.907  INFO 15840 --- [restartedMain] o.s.b.d.a.OptionalLiveReloadServer       : LiveReload server is running on port 35729
2024-10-26 13:43:58.917  INFO 15840 --- [restartedMain] o.s.b.w.embedded.tomcat.TomcatWebServer  : Tomcat started on port(s): 8080 (http) with context path ''
2024-10-26 13:43:58.922  INFO 15840 --- [restartedMain] c.trackMyClass.TrackMyClassApplication   : Started TrackMyClassApplication in 0.559 seconds (JVM running for 1364.159)
2024-10-26 13:43:58.923  INFO 15840 --- [restartedMain] .ConditionEvaluationDeltaLoggingListener : Condition evaluation unchanged
2024-10-26 13:43:58.924  INFO 15840 --- [restartedMain] c.trackMyClass.TrackMyClassApplication   : app started
2024-10-26 13:45:39.689  INFO 15840 --- [Thread-28] j.LocalContainerEntityManagerFactoryBean : Closing JPA EntityManagerFactory for persistence unit 'default'
2024-10-26 13:45:39.690  INFO 15840 --- [Thread-28] com.zaxxer.hikari.HikariDataSource       : HikariPool-6 - Shutdown initiated...
2024-10-26 13:45:39.691  INFO 15840 --- [Thread-28] com.zaxxer.hikari.HikariDataSource       : HikariPool-6 - Shutdown completed.
2024-10-26 13:45:39.803  INFO 15840 --- [restartedMain] c.trackMyClass.TrackMyClassApplication   : Starting TrackMyClassApplication using Java 17.0.10 on Rohit with PID 15840 (D:\Spring\trackMyClass\trackMyClass\target\classes started by rohit in D:\Spring\trackMyClass\trackMyClass)
2024-10-26 13:45:39.803  INFO 15840 --- [restartedMain] c.trackMyClass.TrackMyClassApplication   : No active profile set, falling back to default profiles: default
2024-10-26 13:45:40.010  INFO 15840 --- [restartedMain] .s.d.r.c.RepositoryConfigurationDelegate : Bootstrapping Spring Data JPA repositories in DEFAULT mode.
2024-10-26 13:45:40.016  INFO 15840 --- [restartedMain] .s.d.r.c.RepositoryConfigurationDelegate : Finished Spring Data repository scanning in 4 ms. Found 0 JPA repository interfaces.
2024-10-26 13:45:40.227  INFO 15840 --- [restartedMain] o.s.b.w.embedded.tomcat.TomcatWebServer  : Tomcat initialized with port(s): 8080 (http)
2024-10-26 13:45:40.229  INFO 15840 --- [restartedMain] o.apache.catalina.core.StandardService   : Starting service [Tomcat]
2024-10-26 13:45:40.229  INFO 15840 --- [restartedMain] org.apache.catalina.core.StandardEngine  : Starting Servlet engine: [Apache Tomcat/9.0.54]
2024-10-26 13:45:40.260  INFO 15840 --- [restartedMain] o.a.c.c.C.[Tomcat-3].[localhost].[/]     : Initializing Spring embedded WebApplicationContext
2024-10-26 13:45:40.260  INFO 15840 --- [restartedMain] w.s.c.ServletWebServerApplicationContext : Root WebApplicationContext: initialization completed in 454 ms
2024-10-26 13:45:40.389  INFO 15840 --- [restartedMain] o.hibernate.jpa.internal.util.LogHelper  : HHH000204: Processing PersistenceUnitInfo [name: default]
2024-10-26 13:45:40.395  INFO 15840 --- [restartedMain] com.zaxxer.hikari.HikariDataSource       : HikariPool-7 - Starting...
2024-10-26 13:45:40.399  INFO 15840 --- [restartedMain] com.zaxxer.hikari.HikariDataSource       : HikariPool-7 - Start completed.
2024-10-26 13:45:40.400  INFO 15840 --- [restartedMain] org.hibernate.dialect.Dialect            : HHH000400: Using dialect: org.hibernate.dialect.MySQL8Dialect
2024-10-26 13:45:40.534  INFO 15840 --- [restartedMain] o.h.e.t.j.p.i.JtaPlatformInitiator       : HHH000490: Using JtaPlatform implementation: [org.hibernate.engine.transaction.jta.platform.internal.NoJtaPlatform]
2024-10-26 13:45:40.534  INFO 15840 --- [restartedMain] j.LocalContainerEntityManagerFactoryBean : Initialized JPA EntityManagerFactory for persistence unit 'default'
2024-10-26 13:45:40.666  WARN 15840 --- [restartedMain] JpaBaseConfiguration$JpaWebConfiguration : spring.jpa.open-in-view is enabled by default. Therefore, database queries may be performed during view rendering. Explicitly configure spring.jpa.open-in-view to disable this warning
2024-10-26 13:45:41.173  INFO 15840 --- [restartedMain] o.s.b.d.a.OptionalLiveReloadServer       : LiveReload server is running on port 35729
2024-10-26 13:45:41.183  INFO 15840 --- [restartedMain] o.s.b.w.embedded.tomcat.TomcatWebServer  : Tomcat started on port(s): 8080 (http) with context path ''
2024-10-26 13:45:41.188  INFO 15840 --- [restartedMain] c.trackMyClass.TrackMyClassApplication   : Started TrackMyClassApplication in 1.425 seconds (JVM running for 1466.425)
2024-10-26 13:45:41.191  INFO 15840 --- [restartedMain] .ConditionEvaluationDeltaLoggingListener : Condition evaluation unchanged
2024-10-26 13:45:41.191  INFO 15840 --- [restartedMain] c.trackMyClass.TrackMyClassApplication   : app started
2024-10-26 13:46:23.102  INFO 15840 --- [http-nio-8080-exec-1] o.a.c.c.C.[Tomcat-3].[localhost].[/]     : Initializing Spring DispatcherServlet 'dispatcherServlet'
2024-10-26 13:46:23.103  INFO 15840 --- [http-nio-8080-exec-1] o.s.web.servlet.DispatcherServlet        : Initializing Servlet 'dispatcherServlet'
2024-10-26 13:46:23.104  INFO 15840 --- [http-nio-8080-exec-1] o.s.web.servlet.DispatcherServlet        : Completed initialization in 1 ms
2024-10-26 13:46:23.315  WARN 15840 --- [http-nio-8080-exec-1] org.hibernate.orm.deprecation            : HHH90000022: Hibernate's legacy org.hibernate.Criteria API is deprecated; use the JPA javax.persistence.criteria.CriteriaQuery instead
2024-10-26 13:48:08.218  INFO 15840 --- [RMI TCP Connection(50)-127.0.0.1] inMXBeanRegistrar$SpringApplicationAdmin : Application shutdown requested.
2024-10-26 13:48:08.237  INFO 15840 --- [RMI TCP Connection(50)-127.0.0.1] j.LocalContainerEntityManagerFactoryBean : Closing JPA EntityManagerFactory for persistence unit 'default'
2024-10-26 13:48:08.238  INFO 15840 --- [RMI TCP Connection(50)-127.0.0.1] com.zaxxer.hikari.HikariDataSource       : HikariPool-7 - Shutdown initiated...
2024-10-26 13:48:08.239  INFO 15840 --- [RMI TCP Connection(50)-127.0.0.1] com.zaxxer.hikari.HikariDataSource       : HikariPool-7 - Shutdown completed.
2024-10-26 13:48:35.290  INFO 8272 --- [restartedMain] c.trackMyClass.TrackMyClassApplication   : Starting TrackMyClassApplication using Java 17.0.10 on Rohit with PID 8272 (D:\Spring\trackMyClass\trackMyClass\target\classes started by rohit in D:\Spring\trackMyClass\trackMyClass)
2024-10-26 13:48:35.291  INFO 8272 --- [restartedMain] c.trackMyClass.TrackMyClassApplication   : No active profile set, falling back to default profiles: default
2024-10-26 13:48:35.328  INFO 8272 --- [restartedMain] .e.DevToolsPropertyDefaultsPostProcessor : Devtools property defaults active! Set 'spring.devtools.add-properties' to 'false' to disable
2024-10-26 13:48:35.328  INFO 8272 --- [restartedMain] .e.DevToolsPropertyDefaultsPostProcessor : For additional web related logging consider setting the 'logging.level.web' property to 'DEBUG'
2024-10-26 13:48:35.746  INFO 8272 --- [restartedMain] .s.d.r.c.RepositoryConfigurationDelegate : Bootstrapping Spring Data JPA repositories in DEFAULT mode.
2024-10-26 13:48:35.757  INFO 8272 --- [restartedMain] .s.d.r.c.RepositoryConfigurationDelegate : Finished Spring Data repository scanning in 5 ms. Found 0 JPA repository interfaces.
2024-10-26 13:48:36.272  INFO 8272 --- [restartedMain] o.s.b.w.embedded.tomcat.TomcatWebServer  : Tomcat initialized with port(s): 8080 (http)
2024-10-26 13:48:36.278  INFO 8272 --- [restartedMain] o.apache.catalina.core.StandardService   : Starting service [Tomcat]
2024-10-26 13:48:36.278  INFO 8272 --- [restartedMain] org.apache.catalina.core.StandardEngine  : Starting Servlet engine: [Apache Tomcat/9.0.54]
2024-10-26 13:48:36.332  INFO 8272 --- [restartedMain] o.a.c.c.C.[Tomcat].[localhost].[/]       : Initializing Spring embedded WebApplicationContext
2024-10-26 13:48:36.332  INFO 8272 --- [restartedMain] w.s.c.ServletWebServerApplicationContext : Root WebApplicationContext: initialization completed in 1004 ms
2024-10-26 13:48:36.482  INFO 8272 --- [restartedMain] o.hibernate.jpa.internal.util.LogHelper  : HHH000204: Processing PersistenceUnitInfo [name: default]
2024-10-26 13:48:36.513  INFO 8272 --- [restartedMain] org.hibernate.Version                    : HHH000412: Hibernate ORM core version 5.4.32.Final
2024-10-26 13:48:36.595  INFO 8272 --- [restartedMain] o.hibernate.annotations.common.Version   : HCANN000001: Hibernate Commons Annotations {5.1.2.Final}
2024-10-26 13:48:36.668  INFO 8272 --- [restartedMain] com.zaxxer.hikari.HikariDataSource       : HikariPool-1 - Starting...
2024-10-26 13:48:36.788  INFO 8272 --- [restartedMain] com.zaxxer.hikari.HikariDataSource       : HikariPool-1 - Start completed.
2024-10-26 13:48:36.801  INFO 8272 --- [restartedMain] org.hibernate.dialect.Dialect            : HHH000400: Using dialect: org.hibernate.dialect.MySQL8Dialect
2024-10-26 13:48:37.309  INFO 8272 --- [restartedMain] o.h.e.t.j.p.i.JtaPlatformInitiator       : HHH000490: Using JtaPlatform implementation: [org.hibernate.engine.transaction.jta.platform.internal.NoJtaPlatform]
2024-10-26 13:48:37.315  INFO 8272 --- [restartedMain] j.LocalContainerEntityManagerFactoryBean : Initialized JPA EntityManagerFactory for persistence unit 'default'
2024-10-26 13:48:37.410  WARN 8272 --- [restartedMain] JpaBaseConfiguration$JpaWebConfiguration : spring.jpa.open-in-view is enabled by default. Therefore, database queries may be performed during view rendering. Explicitly configure spring.jpa.open-in-view to disable this warning
2024-10-26 13:48:37.774  INFO 8272 --- [restartedMain] o.s.b.d.a.OptionalLiveReloadServer       : LiveReload server is running on port 35729
2024-10-26 13:48:37.825  INFO 8272 --- [restartedMain] o.s.b.w.embedded.tomcat.TomcatWebServer  : Tomcat started on port(s): 8080 (http) with context path ''
2024-10-26 13:48:37.834  INFO 8272 --- [restartedMain] c.trackMyClass.TrackMyClassApplication   : Started TrackMyClassApplication in 2.819 seconds (JVM running for 3.392)
2024-10-26 13:48:37.836  INFO 8272 --- [restartedMain] c.trackMyClass.TrackMyClassApplication   : app started
2024-10-26 13:49:08.162  INFO 8272 --- [http-nio-8080-exec-1] o.a.c.c.C.[Tomcat].[localhost].[/]       : Initializing Spring DispatcherServlet 'dispatcherServlet'
2024-10-26 13:49:08.162  INFO 8272 --- [http-nio-8080-exec-1] o.s.web.servlet.DispatcherServlet        : Initializing Servlet 'dispatcherServlet'
2024-10-26 13:49:08.164  INFO 8272 --- [http-nio-8080-exec-1] o.s.web.servlet.DispatcherServlet        : Completed initialization in 1 ms
2024-10-26 13:49:08.257  WARN 8272 --- [http-nio-8080-exec-1] org.hibernate.orm.deprecation            : HHH90000022: Hibernate's legacy org.hibernate.Criteria API is deprecated; use the JPA javax.persistence.criteria.CriteriaQuery instead
2024-10-26 13:49:12.259  WARN 8272 --- [http-nio-8080-exec-4] org.hibernate.orm.deprecation            : HHH90000022: Hibernate's legacy org.hibernate.Criteria API is deprecated; use the JPA javax.persistence.criteria.CriteriaQuery instead
2024-10-26 13:49:51.900  WARN 8272 --- [http-nio-8080-exec-7] org.hibernate.orm.deprecation            : HHH90000022: Hibernate's legacy org.hibernate.Criteria API is deprecated; use the JPA javax.persistence.criteria.CriteriaQuery instead
2024-10-26 13:50:47.547  INFO 8272 --- [Thread-5] j.LocalContainerEntityManagerFactoryBean : Closing JPA EntityManagerFactory for persistence unit 'default'
2024-10-26 13:50:47.550  INFO 8272 --- [Thread-5] com.zaxxer.hikari.HikariDataSource       : HikariPool-1 - Shutdown initiated...
2024-10-26 13:50:47.556  INFO 8272 --- [Thread-5] com.zaxxer.hikari.HikariDataSource       : HikariPool-1 - Shutdown completed.
2024-10-26 13:50:47.605  INFO 8272 --- [restartedMain] c.trackMyClass.TrackMyClassApplication   : Starting TrackMyClassApplication using Java 17.0.10 on Rohit with PID 8272 (D:\Spring\trackMyClass\trackMyClass\target\classes started by rohit in D:\Spring\trackMyClass\trackMyClass)
2024-10-26 13:50:47.605  INFO 8272 --- [restartedMain] c.trackMyClass.TrackMyClassApplication   : No active profile set, falling back to default profiles: default
2024-10-26 13:50:47.690  INFO 8272 --- [restartedMain] .s.d.r.c.RepositoryConfigurationDelegate : Bootstrapping Spring Data JPA repositories in DEFAULT mode.
2024-10-26 13:50:47.692  INFO 8272 --- [restartedMain] .s.d.r.c.RepositoryConfigurationDelegate : Finished Spring Data repository scanning in 2 ms. Found 0 JPA repository interfaces.
2024-10-26 13:50:47.786  INFO 8272 --- [restartedMain] o.s.b.w.embedded.tomcat.TomcatWebServer  : Tomcat initialized with port(s): 8080 (http)
2024-10-26 13:50:47.787  INFO 8272 --- [restartedMain] o.apache.catalina.core.StandardService   : Starting service [Tomcat]
2024-10-26 13:50:47.787  INFO 8272 --- [restartedMain] org.apache.catalina.core.StandardEngine  : Starting Servlet engine: [Apache Tomcat/9.0.54]
2024-10-26 13:50:47.797  INFO 8272 --- [restartedMain] o.a.c.c.C.[Tomcat].[localhost].[/]       : Initializing Spring embedded WebApplicationContext
2024-10-26 13:50:47.797  INFO 8272 --- [restartedMain] w.s.c.ServletWebServerApplicationContext : Root WebApplicationContext: initialization completed in 191 ms
2024-10-26 13:50:47.842  INFO 8272 --- [restartedMain] o.hibernate.jpa.internal.util.LogHelper  : HHH000204: Processing PersistenceUnitInfo [name: default]
2024-10-26 13:50:47.844  INFO 8272 --- [restartedMain] com.zaxxer.hikari.HikariDataSource       : HikariPool-2 - Starting...
2024-10-26 13:50:47.848  INFO 8272 --- [restartedMain] com.zaxxer.hikari.HikariDataSource       : HikariPool-2 - Start completed.
2024-10-26 13:50:47.848  INFO 8272 --- [restartedMain] org.hibernate.dialect.Dialect            : HHH000400: Using dialect: org.hibernate.dialect.MySQL8Dialect
2024-10-26 13:50:47.935  INFO 8272 --- [restartedMain] o.h.e.t.j.p.i.JtaPlatformInitiator       : HHH000490: Using JtaPlatform implementation: [org.hibernate.engine.transaction.jta.platform.internal.NoJtaPlatform]
2024-10-26 13:50:47.936  INFO 8272 --- [restartedMain] j.LocalContainerEntityManagerFactoryBean : Initialized JPA EntityManagerFactory for persistence unit 'default'
2024-10-26 13:50:48.002  WARN 8272 --- [restartedMain] JpaBaseConfiguration$JpaWebConfiguration : spring.jpa.open-in-view is enabled by default. Therefore, database queries may be performed during view rendering. Explicitly configure spring.jpa.open-in-view to disable this warning
2024-10-26 13:50:48.194  INFO 8272 --- [restartedMain] o.s.b.d.a.OptionalLiveReloadServer       : LiveReload server is running on port 35729
2024-10-26 13:50:48.207  INFO 8272 --- [restartedMain] o.s.b.w.embedded.tomcat.TomcatWebServer  : Tomcat started on port(s): 8080 (http) with context path ''
2024-10-26 13:50:48.214  INFO 8272 --- [restartedMain] c.trackMyClass.TrackMyClassApplication   : Started TrackMyClassApplication in 0.627 seconds (JVM running for 133.772)
2024-10-26 13:50:48.216  INFO 8272 --- [restartedMain] .ConditionEvaluationDeltaLoggingListener : Condition evaluation unchanged
2024-10-26 13:50:48.216  INFO 8272 --- [restartedMain] c.trackMyClass.TrackMyClassApplication   : app started
2024-10-26 13:50:59.762  INFO 8272 --- [http-nio-8080-exec-1] o.a.c.c.C.[Tomcat].[localhost].[/]       : Initializing Spring DispatcherServlet 'dispatcherServlet'
2024-10-26 13:50:59.762  INFO 8272 --- [http-nio-8080-exec-1] o.s.web.servlet.DispatcherServlet        : Initializing Servlet 'dispatcherServlet'
2024-10-26 13:50:59.764  INFO 8272 --- [http-nio-8080-exec-1] o.s.web.servlet.DispatcherServlet        : Completed initialization in 2 ms
2024-10-26 13:50:59.781  INFO 8272 --- [http-nio-8080-exec-1] c.trackMyClass.TrackMyClassApplication   : execution started time24/10/26/13:50:59:780
2024-10-26 13:50:59.787  WARN 8272 --- [http-nio-8080-exec-1] org.hibernate.orm.deprecation            : HHH90000022: Hibernate's legacy org.hibernate.Criteria API is deprecated; use the JPA javax.persistence.criteria.CriteriaQuery instead
2024-10-26 13:50:59.789  INFO 8272 --- [http-nio-8080-exec-1] c.trackMyClass.TrackMyClassApplication   : execution started time24/10/26/13:50:59:789
2024-10-26 15:04:01.240  WARN 8272 --- [HikariPool-2 housekeeper] com.zaxxer.hikari.pool.HikariPool        : HikariPool-2 - Thread starvation or clock leap detected (housekeeper delta=52m42s970ms344µs200ns).
2024-10-26 15:38:03.252  WARN 8272 --- [HikariPool-2 housekeeper] com.zaxxer.hikari.pool.HikariPool        : HikariPool-2 - Thread starvation or clock leap detected (housekeeper delta=30m31s980ms308µs600ns).
2024-10-26 15:52:18.144  WARN 8272 --- [HikariPool-2 housekeeper] com.zaxxer.hikari.pool.HikariPool        : HikariPool-2 - Thread starvation or clock leap detected (housekeeper delta=14m14s892ms369µs200ns).
2024-10-26 19:27:58.544  WARN 8272 --- [HikariPool-2 housekeeper] com.zaxxer.hikari.pool.HikariPool        : HikariPool-2 - Thread starvation or clock leap detected (housekeeper delta=3h35m42s705ms861µs199ns).
2024-10-26 20:10:55.574  WARN 8272 --- [HikariPool-2 housekeeper] com.zaxxer.hikari.pool.HikariPool        : HikariPool-2 - Thread starvation or clock leap detected (housekeeper delta=26m56s788ms367µs200ns).
2024-10-26 20:23:06.592  WARN 8272 --- [HikariPool-2 housekeeper] com.zaxxer.hikari.pool.HikariPool        : HikariPool-2 - Thread starvation or clock leap detected (housekeeper delta=2m10s864ms786µs800ns).
2024-10-26 20:44:59.705  INFO 8272 --- [RMI TCP Connection(96)-127.0.0.1] inMXBeanRegistrar$SpringApplicationAdmin : Application shutdown requested.
2024-10-26 20:44:59.896  INFO 8272 --- [RMI TCP Connection(96)-127.0.0.1] j.LocalContainerEntityManagerFactoryBean : Closing JPA EntityManagerFactory for persistence unit 'default'
2024-10-26 20:44:59.926  INFO 8272 --- [RMI TCP Connection(96)-127.0.0.1] com.zaxxer.hikari.HikariDataSource       : HikariPool-2 - Shutdown initiated...
2024-10-26 20:44:59.931  INFO 8272 --- [RMI TCP Connection(96)-127.0.0.1] com.zaxxer.hikari.HikariDataSource       : HikariPool-2 - Shutdown completed.
